{
  "RSpec": {
    "coverage": {
      "/Users/cronin/Dev/Ruby/HaDope/hadope.rb": [
        1,
        1,
        null,
        1,
        1,
        1,
        1,
        null,
        1,
        null,
        1,
        null,
        1,
        1,
        null,
        1,
        3,
        null,
        null,
        null
      ],
      "/Users/cronin/Dev/Ruby/HaDope/lib/types/array.rb": [
        1,
        1,
        1,
        9,
        null,
        7,
        7,
        6,
        null,
        2,
        null,
        null,
        null,
        null
      ],
      "/Users/cronin/Dev/Ruby/HaDope/lib/types/fixnum.rb": [
        1,
        1,
        8,
        null,
        null
      ],
      "/Users/cronin/Dev/Ruby/HaDope/lib/types/int.rb": [
        1,
        1,
        7,
        null,
        null
      ],
      "/Users/cronin/Dev/Ruby/HaDope/lib/logging/logger.rb": [
        1,
        null,
        1,
        1,
        null,
        1,
        1,
        null,
        1,
        35,
        null,
        null,
        null,
        1,
        1,
        1,
        1,
        null,
        null,
        1,
        1,
        null,
        null,
        1,
        2,
        null,
        null,
        1,
        82,
        82,
        164,
        null,
        null,
        null
      ],
      "/Users/cronin/Dev/Ruby/HaDope/lib/devices/cpu.rb": [
        1,
        null,
        1,
        1,
        null,
        1,
        1,
        null,
        1,
        14,
        null,
        null,
        null,
        1,
        1,
        1,
        null,
        null,
        null,
        null
      ],
      "/Users/cronin/Dev/Ruby/HaDope/lib/devices/device.rb": [
        1,
        1,
        null,
        1,
        5,
        4,
        null,
        null,
        1,
        7,
        null,
        null,
        1,
        10,
        10,
        10,
        null,
        null,
        1,
        7,
        7,
        7,
        null,
        null,
        1,
        9,
        9,
        null,
        null,
        1,
        null,
        1,
        4,
        null,
        null,
        1,
        4,
        4,
        null,
        null,
        1,
        4,
        4,
        null,
        null,
        null,
        1,
        9,
        9,
        null,
        null,
        null
      ],
      "/Users/cronin/Dev/Ruby/HaDope/lib/tasks/taskqueue.rb": [
        1,
        1,
        null,
        1,
        null,
        1,
        null,
        1,
        9,
        9,
        null,
        null,
        1,
        13,
        13,
        12,
        7,
        null,
        5,
        null,
        5,
        null,
        4,
        null,
        1,
        null,
        null,
        12,
        null,
        13,
        null,
        13,
        null,
        13,
        null,
        null,
        null
      ],
      "/Users/cronin/Dev/Ruby/HaDope/lib/tasks/map.rb": [
        1,
        null,
        1,
        1,
        null,
        1,
        null,
        1,
        18,
        18,
        18,
        18,
        null,
        null,
        1,
        22,
        null,
        null,
        1,
        6,
        2,
        null,
        4,
        4,
        4,
        4,
        null,
        6,
        null,
        null,
        1,
        4,
        null,
        4,
        6,
        null,
        null,
        null,
        null,
        null,
        null,
        null,
        null,
        null,
        null,
        null,
        null
      ],
      "/Users/cronin/Dev/Ruby/HaDope/lib/tasks/task.rb": [
        1,
        1,
        null,
        1,
        null,
        1,
        22,
        21,
        21,
        21,
        21,
        21,
        null,
        null,
        1,
        22,
        22,
        22,
        22,
        22,
        22,
        null,
        1,
        34,
        34,
        null,
        null,
        1,
        58,
        26,
        26,
        null,
        null,
        1,
        29,
        null,
        null,
        null
      ],
      "/Users/cronin/Dev/Ruby/HaDope/spec/lib/devices/cpu_spec.rb": [
        1,
        null,
        1,
        null,
        1,
        1,
        1,
        null,
        null,
        1,
        2,
        null,
        null,
        1,
        1,
        1,
        null,
        null,
        1,
        1,
        1,
        null,
        null
      ],
      "/Users/cronin/Dev/Ruby/HaDope/spec/lib/devices/device_spec.rb": [
        1,
        null,
        1,
        null,
        1,
        1,
        2,
        null,
        null,
        1,
        1,
        null,
        null,
        1,
        1,
        null,
        null,
        1,
        1,
        1,
        null,
        null,
        1,
        1,
        1,
        null,
        2,
        2,
        null,
        2,
        1,
        null,
        null,
        null,
        1,
        1,
        1,
        null,
        null,
        1,
        3,
        null,
        1,
        null,
        null
      ],
      "/Users/cronin/Dev/Ruby/HaDope/spec/lib/logging/logger_spec.rb": [
        1,
        null,
        1,
        null,
        1,
        1,
        1,
        null,
        null,
        1,
        2,
        null,
        null,
        1,
        2,
        null,
        null
      ],
      "/Users/cronin/Dev/Ruby/HaDope/spec/lib/tasks/map_spec.rb": [
        1,
        null,
        1,
        null,
        1,
        1,
        2,
        null,
        null,
        1,
        2,
        null,
        null,
        1,
        2,
        null,
        null,
        1,
        1,
        1,
        1,
        null,
        null,
        1,
        1,
        1,
        null,
        null,
        null
      ],
      "/Users/cronin/Dev/Ruby/HaDope/spec/lib/tasks/task_spec.rb": [
        1,
        null,
        1,
        null,
        1,
        1,
        2,
        null,
        null,
        1,
        1,
        1,
        1,
        1,
        1,
        null,
        1,
        1,
        null,
        null,
        1,
        1,
        1,
        1,
        null,
        1,
        1,
        null,
        1,
        1,
        null,
        null
      ],
      "/Users/cronin/Dev/Ruby/HaDope/spec/lib/tasks/taskqueue_spec.rb": [
        1,
        null,
        1,
        null,
        1,
        1,
        1,
        1,
        null,
        null,
        1,
        1,
        2,
        null,
        null,
        1,
        1,
        1,
        1,
        null,
        1,
        1,
        1,
        1,
        1,
        1,
        null,
        null,
        1,
        null,
        null,
        1,
        1,
        1,
        1,
        1,
        1,
        null,
        null,
        null,
        1,
        1,
        1,
        1,
        1,
        1,
        1,
        1,
        1,
        null,
        null,
        1,
        1,
        1,
        1,
        1,
        null,
        null,
        null,
        null
      ],
      "/Users/cronin/Dev/Ruby/HaDope/spec/lib/types/array_spec.rb": [
        1,
        null,
        1,
        1,
        1,
        1,
        null,
        1,
        1,
        null,
        null,
        1,
        2,
        null,
        null,
        1,
        1,
        1,
        null,
        null
      ],
      "/Users/cronin/Dev/Ruby/HaDope/spec/lib/types/fixnum_spec.rb": [
        1,
        null,
        1,
        1,
        1,
        1,
        null,
        null
      ],
      "/Users/cronin/Dev/Ruby/HaDope/spec/lib/types/int_spec.rb": [
        1,
        null,
        1,
        1,
        1,
        1,
        null,
        null
      ]
    },
    "timestamp": 1377896793
  }
}
