{
  "RSpec": {
    "coverage": {
      "/Users/cronin/Dev/Ruby/HaDope/hadope.rb": [
        1,
        1,
        null,
        1,
        1,
        1,
        null,
        null,
        1,
        1,
        1,
        null,
        1,
        1,
        null,
        1,
        null,
        1,
        null,
        1,
        1,
        1,
        null,
        1,
        13,
        null,
        null,
        null
      ],
      "/Users/cronin/Dev/Ruby/HaDope/lib/types/array.rb": [
        1,
        1,
        1,
        21,
        null,
        7,
        7,
        6,
        null,
        14,
        null,
        null,
        null,
        null
      ],
      "/Users/cronin/Dev/Ruby/HaDope/lib/types/fixnum.rb": [
        1,
        1,
        9,
        null,
        null
      ],
      "/Users/cronin/Dev/Ruby/HaDope/lib/types/int.rb": [
        1,
        1,
        7,
        null,
        null
      ],
      "/Users/cronin/Dev/Ruby/HaDope/lib/code_generation/task_kernel_generator.rb": [
        1,
        null,
        1,
        8,
        6,
        1,
        null,
        1,
        null,
        null,
        null,
        1,
        null,
        1,
        null,
        6,
        null,
        null,
        null,
        null,
        null,
        null,
        null,
        null,
        null,
        null,
        1,
        null,
        1,
        null,
        null,
        null,
        null,
        null,
        null,
        null,
        null,
        null,
        null,
        null
      ],
      "/Users/cronin/Dev/Ruby/HaDope/lib/parsing/lambda_bytecode_parser.rb": [
        1,
        1,
        null,
        null,
        null,
        null,
        null,
        null,
        null,
        null,
        null,
        null,
        null,
        null,
        null,
        1,
        30,
        null,
        null,
        1,
        125,
        null,
        null,
        1,
        14,
        14,
        14,
        48,
        16,
        4,
        28,
        null,
        null,
        null,
        13,
        null,
        null,
        1,
        null,
        1,
        97,
        14,
        12,
        19,
        15,
        5,
        31,
        null,
        1,
        null,
        null,
        null,
        1,
        4,
        3,
        null,
        1,
        null,
        null,
        null,
        1,
        15,
        null,
        null,
        1,
        30,
        15,
        10,
        null,
        5,
        null,
        null,
        null,
        1,
        30,
        null,
        null,
        1,
        29,
        null,
        null,
        null
      ],
      "/Users/cronin/Dev/Ruby/HaDope/lib/logging/logger.rb": [
        1,
        null,
        1,
        1,
        null,
        1,
        1,
        null,
        1,
        45,
        null,
        null,
        null,
        1,
        1,
        1,
        1,
        null,
        null,
        1,
        1,
        null,
        null,
        1,
        2,
        null,
        null,
        1,
        95,
        95,
        190,
        null,
        null,
        null
      ],
      "/Users/cronin/Dev/Ruby/HaDope/lib/devices/cpu.rb": [
        1,
        null,
        1,
        1,
        null,
        1,
        1,
        null,
        1,
        25,
        null,
        null,
        null,
        1,
        1,
        1,
        null,
        null,
        null,
        null
      ],
      "/Users/cronin/Dev/Ruby/HaDope/lib/devices/device.rb": [
        1,
        1,
        null,
        1,
        null,
        1,
        5,
        4,
        4,
        4,
        null,
        null,
        1,
        8,
        null,
        null,
        1,
        12,
        12,
        12,
        null,
        null,
        1,
        8,
        8,
        8,
        null,
        null,
        1,
        0,
        0,
        0,
        null,
        null,
        1,
        12,
        12,
        null,
        null,
        1,
        null,
        1,
        4,
        null,
        null,
        1,
        5,
        5,
        5,
        null,
        null,
        1,
        0,
        0,
        0,
        null,
        null,
        1,
        5,
        5,
        0,
        null,
        null,
        null,
        1,
        5,
        5,
        5,
        null,
        null,
        null
      ],
      "/Users/cronin/Dev/Ruby/HaDope/lib/tasks/taskqueue.rb": [
        1,
        1,
        null,
        1,
        null,
        1,
        null,
        1,
        9,
        9,
        null,
        null,
        1,
        9,
        9,
        13,
        null,
        5,
        5,
        4,
        1,
        null,
        null,
        null,
        9,
        9,
        null,
        null,
        null
      ],
      "/Users/cronin/Dev/Ruby/HaDope/lib/tasks/map.rb": [
        1,
        null,
        1,
        1,
        null,
        1,
        null,
        1,
        21,
        21,
        21,
        21,
        null,
        null,
        1,
        6,
        4,
        null,
        2,
        2,
        2,
        2,
        null,
        6,
        null,
        null,
        1,
        6,
        null,
        null,
        1,
        12,
        null,
        null,
        1,
        6,
        null,
        null,
        1,
        6,
        null,
        null,
        null,
        null
      ],
      "/Users/cronin/Dev/Ruby/HaDope/lib/tasks/task.rb": [
        1,
        1,
        null,
        1,
        null,
        1,
        28,
        27,
        27,
        27,
        27,
        27,
        null,
        null,
        1,
        25,
        25,
        25,
        25,
        25,
        25,
        null,
        null,
        1,
        35,
        35,
        null,
        null,
        1,
        60,
        29,
        29,
        null,
        null,
        1,
        39,
        null,
        null,
        1,
        14,
        null,
        null,
        1,
        7,
        null,
        null,
        null
      ],
      "/Users/cronin/Dev/Ruby/HaDope/lib/tasks/filter.rb": [
        1,
        null,
        1,
        1,
        null,
        1,
        null,
        1,
        2,
        2,
        2,
        null,
        null,
        1,
        1,
        null,
        null,
        1,
        2,
        null,
        null,
        1,
        1,
        null,
        null,
        1,
        1,
        null,
        null,
        null,
        null
      ],
      "/Users/cronin/Dev/Ruby/HaDope/spec/lib/code_generation/task_kernel_generator_spec.rb": [
        1,
        null,
        1,
        null,
        1,
        1,
        2,
        null,
        null,
        1,
        1,
        1,
        2,
        null,
        null,
        null,
        1,
        1,
        1,
        2,
        null,
        null,
        null,
        1,
        1,
        1,
        1,
        1,
        2,
        null,
        null,
        null
      ],
      "/Users/cronin/Dev/Ruby/HaDope/spec/lib/devices/cpu_spec.rb": [
        1,
        null,
        1,
        null,
        1,
        1,
        1,
        null,
        null,
        1,
        2,
        null,
        null,
        1,
        1,
        1,
        null,
        null,
        1,
        1,
        1,
        null,
        null
      ],
      "/Users/cronin/Dev/Ruby/HaDope/spec/lib/devices/device_spec.rb": [
        1,
        null,
        1,
        null,
        1,
        1,
        2,
        null,
        null,
        1,
        1,
        null,
        null,
        1,
        1,
        null,
        null,
        1,
        1,
        1,
        null,
        null,
        1,
        1,
        1,
        null,
        2,
        2,
        null,
        2,
        1,
        null,
        null,
        null,
        1,
        1,
        null,
        1,
        null,
        null,
        1,
        1,
        1,
        1,
        null,
        null,
        1,
        null,
        null,
        1,
        1,
        1,
        null,
        null,
        1,
        1,
        1,
        3,
        null,
        null
      ],
      "/Users/cronin/Dev/Ruby/HaDope/spec/lib/logging/logger_spec.rb": [
        1,
        null,
        1,
        null,
        1,
        1,
        1,
        null,
        null,
        1,
        2,
        null,
        null,
        1,
        2,
        null,
        null
      ],
      "/Users/cronin/Dev/Ruby/HaDope/spec/lib/parsing/lambda_bytecode_parser_spec.rb": [
        1,
        null,
        1,
        null,
        1,
        1,
        2,
        null,
        null,
        1,
        1,
        11,
        11,
        null,
        null,
        null,
        1,
        1,
        null,
        null,
        1,
        2,
        null,
        null,
        1,
        1,
        1,
        null,
        null,
        null,
        1,
        1,
        1,
        1,
        null,
        1,
        null,
        null,
        null,
        1,
        1,
        1,
        1,
        2,
        null,
        null,
        1,
        1,
        1,
        1,
        null,
        null,
        null
      ],
      "/Users/cronin/Dev/Ruby/HaDope/spec/lib/tasks/filter_spec.rb": [
        1,
        null,
        1,
        null,
        1,
        1,
        2,
        null,
        null,
        1,
        2,
        null,
        null
      ],
      "/Users/cronin/Dev/Ruby/HaDope/spec/lib/tasks/map_spec.rb": [
        1,
        null,
        1,
        null,
        1,
        1,
        2,
        null,
        null,
        1,
        2,
        null,
        null,
        1,
        2,
        null,
        null,
        1,
        1,
        1,
        1,
        null,
        null,
        1,
        1,
        1,
        null,
        null,
        null
      ],
      "/Users/cronin/Dev/Ruby/HaDope/spec/lib/tasks/task_spec.rb": [
        1,
        null,
        1,
        null,
        1,
        1,
        2,
        null,
        null,
        1,
        1,
        1,
        1,
        1,
        1,
        null,
        1,
        1,
        null,
        null,
        1,
        1,
        1,
        1,
        null,
        1,
        1,
        null,
        1,
        1,
        null,
        null
      ],
      "/Users/cronin/Dev/Ruby/HaDope/spec/lib/tasks/taskqueue_spec.rb": [
        1,
        null,
        1,
        null,
        1,
        1,
        1,
        1,
        null,
        null,
        1,
        1,
        2,
        null,
        null,
        1,
        1,
        1,
        1,
        null,
        1,
        1,
        1,
        1,
        1,
        1,
        null,
        null,
        1,
        null,
        null,
        1,
        1,
        1,
        1,
        1,
        1,
        null,
        null,
        null,
        1,
        1,
        1,
        1,
        1,
        1,
        1,
        1,
        1,
        null,
        null,
        1,
        1,
        1,
        1,
        1,
        null,
        null,
        null,
        null
      ],
      "/Users/cronin/Dev/Ruby/HaDope/spec/lib/types/array_spec.rb": [
        1,
        null,
        1,
        1,
        1,
        1,
        null,
        1,
        1,
        null,
        null,
        1,
        2,
        null,
        null,
        1,
        1,
        1,
        null,
        null
      ],
      "/Users/cronin/Dev/Ruby/HaDope/spec/lib/types/fixnum_spec.rb": [
        1,
        null,
        1,
        1,
        1,
        1,
        null,
        null
      ],
      "/Users/cronin/Dev/Ruby/HaDope/spec/lib/types/int_spec.rb": [
        1,
        null,
        1,
        1,
        1,
        1,
        null,
        null
      ]
    },
    "timestamp": 1378482624
  }
}
